2025-06-29 12:32:45,868 - INFO - Démarrage du preprocessor.
2025-06-29 12:32:52,025 - INFO - Table silver.accidents supprimée si elle existait.
2025-06-29 12:32:52,082 - INFO - Table silver.weather supprimée si elle existait.
2025-06-29 12:32:52,137 - INFO - Table silver.road_features supprimée si elle existait.
2025-06-29 12:32:52,137 - INFO - Traitement : Bronze/2025/01/03
2025-06-29 12:33:28,389 - INFO - Écriture Parquet dans Silver/accidents/2025/01/03
2025-06-29 12:33:54,843 - INFO - Écriture dans Hive : silver.accidents
2025-06-29 12:33:59,930 - INFO - Écriture Parquet dans Silver/weather/2025/01/03
2025-06-29 12:34:04,843 - INFO - Écriture dans Hive : silver.weather
2025-06-29 12:34:10,744 - INFO - Écriture Parquet dans Silver/road_features/2025/01/03
2025-06-29 12:34:15,456 - INFO - Écriture dans Hive : silver.road_features
2025-06-29 12:34:15,457 - INFO - Traitement : Bronze/2025/01/02
2025-06-29 12:34:40,326 - INFO - Écriture Parquet dans Silver/accidents/2025/01/02
2025-06-29 12:35:06,057 - INFO - Écriture dans Hive : silver.accidents
2025-06-29 12:35:10,710 - INFO - Écriture Parquet dans Silver/weather/2025/01/02
2025-06-29 12:35:15,470 - INFO - Écriture dans Hive : silver.weather
2025-06-29 12:35:20,312 - INFO - Écriture Parquet dans Silver/road_features/2025/01/02
2025-06-29 12:35:25,617 - INFO - Écriture dans Hive : silver.road_features
2025-06-29 12:35:25,619 - INFO - Traitement : Bronze/2025/01/01
2025-06-29 12:35:37,787 - INFO - Écriture Parquet dans Silver/accidents/2025/01/01
2025-06-29 12:35:51,567 - INFO - Écriture dans Hive : silver.accidents
2025-06-29 12:35:55,192 - INFO - Écriture Parquet dans Silver/weather/2025/01/01
2025-06-29 12:35:58,105 - INFO - Écriture dans Hive : silver.weather
2025-06-29 12:36:01,662 - INFO - Écriture Parquet dans Silver/road_features/2025/01/01
2025-06-29 12:36:04,694 - INFO - Écriture dans Hive : silver.road_features
2025-06-29 12:36:05,109 - INFO - Fin du preprocessor.
2025-06-29 12:36:25,773 - INFO - Export Hive accidents -> Silver/accidents/all_data
2025-06-29 12:36:26,213 - INFO - Export Hive weather -> Silver/weather/all_data
2025-06-29 12:36:30,669 - INFO - Export Hive road_features -> Silver/road_features/all_data
